512870210
512864655
493752772
493752772
512870210
512870210
699424128
717749524
727227184
716370040
724607023
732878023
744633238
740168554
740248332
742671430
738514671
745740517
725720265
740500739
750430183
752384028
746740623
751513556
754313402
753603477
747608692
751426973
744594612
754042896
752263717
307170479
385248212
480209584
499258251
548286668
557651747
570904491
372934071
460940549
633991344
646787059
651365255
651365255
782973813
7027250830
6615110085
101616997
101616997
101616997
824788832
818080845
